Flow Summary report for programa
Thu Jul 13 21:27:35 2017
Quartus II 64-Bit Version 13.0.1 Build 232 06/12/2013 Service Pack 1 SJ Full Version


---------------------
; Table of Contents ;
---------------------
  1. Legal Notice
  2. Flow Summary



----------------
; Legal Notice ;
----------------
Copyright (C) 1991-2013 Altera Corporation
Your use of Altera Corporation's design tools, logic functions 
and other software and tools, and its AMPP partner logic 
functions, and any output files from any of the foregoing 
(including device programming or simulation files), and any 
associated documentation or information are expressly subject 
to the terms and conditions of the Altera Program License 
Subscription Agreement, Altera MegaCore Function License 
Agreement, or other applicable license agreement, including, 
without limitation, that your use is for the sole purpose of 
programming logic devices manufactured by Altera and sold by 
Altera or its authorized distributors.  Please refer to the 
applicable agreement for further details.



+---------------------------------------------------------------------------------------+
; Flow Summary                                                                          ;
+------------------------------------+--------------------------------------------------+
; Flow Status                        ; Flow Failed - Thu Jul 13 21:26:57 2017           ;
; Quartus II 64-Bit Version          ; 13.0.1 Build 232 06/12/2013 SP 1 SJ Full Version ;
; Revision Name                      ; programa                                         ;
; Top-level Entity Name              ; moduloGeral                                      ;
; Family                             ; Cyclone IV GX                                    ;
; Total logic elements               ; N/A until Partition Merge                        ;
;     Total combinational functions  ; N/A until Partition Merge                        ;
;     Dedicated logic registers      ; N/A until Partition Merge                        ;
; Total registers                    ; N/A until Partition Merge                        ;
; Total pins                         ; N/A until Partition Merge                        ;
; Total virtual pins                 ; N/A until Partition Merge                        ;
; Total memory bits                  ; N/A until Partition Merge                        ;
; Embedded Multiplier 9-bit elements ; N/A until Partition Merge                        ;
; Total GXB Receiver Channel PCS     ; N/A until Partition Merge                        ;
; Total GXB Receiver Channel PMA     ; N/A until Partition Merge                        ;
; Total GXB Transmitter Channel PCS  ; N/A until Partition Merge                        ;
; Total GXB Transmitter Channel PMA  ; N/A until Partition Merge                        ;
; Total PLLs                         ; N/A until Partition Merge                        ;
+------------------------------------+--------------------------------------------------+


